Trial 1/10


Fairness Metrics for cost optimized combination: 
Class 0 | Demographic 0 | TPR : 0.85
Class 0 | Demographic 0 | FPR : 0.43333333333333335
Class 0 | Demographic 0 | TNR : 0.5666666666666667
Class 0 | Demographic 0 | FNR : 0.15
Class 0 | Demographic 1 | TPR : 0.62
Class 0 | Demographic 1 | FPR : 0.15873015873015872
Class 0 | Demographic 1 | TNR : 0.8412698412698413
Class 0 | Demographic 1 | FNR : 0.38
model_demographic_parity_difference_c0 : 0.33577749683944375
human_demographic_parity_difference_c0 : 0.05069532237673835
system_demographic_parity_c0 : 0.3085967130214917
model_equalized_odds_difference_c0 : 0.31499999999999995
human_equalized_odds_difference_c0 : 0.11746031746031743
system_equalized_odds_difference_c0 : 0.2746031746031746
Class 1 | Demographic 0 | TPR : 0.5666666666666667
Class 1 | Demographic 0 | FPR : 0.15
Class 1 | Demographic 0 | TNR : 0.85
Class 1 | Demographic 0 | FNR : 0.43333333333333335
Class 1 | Demographic 1 | TPR : 0.8412698412698413
Class 1 | Demographic 1 | FPR : 0.38
Class 1 | Demographic 1 | TNR : 0.62
Class 1 | Demographic 1 | FNR : 0.15873015873015872
model_demographic_parity_difference_c1 : 0.3357774968394438
human_demographic_parity_difference_c1 : 0.050695322376738294
system_demographic_parity_c1 : 0.3085967130214918
model_equalized_odds_difference_c1 : 0.315
human_equalized_odds_difference_c1 : 0.11746031746031749
system_equalized_odds_difference_c1 : 0.2746031746031746
deferral rate : 0.8743169398907104
model accuracy : 0.6612021857923497
human accuracy : 0.726775956284153
combined accuracy : 0.7377049180327869
WARNING: All predictions deferred → model accuracy will be NaN!
WARNING: All predictions deferred → model accuracy will be NaN!
WARNING: All predictions deferred → model accuracy will be NaN!


Fairness Metrics for all combination: 
Class 0 | Demographic 0 | TPR : 0.85
Class 0 | Demographic 0 | FPR : 0.43333333333333335
Class 0 | Demographic 0 | TNR : 0.5666666666666667
Class 0 | Demographic 0 | FNR : 0.15
Class 0 | Demographic 1 | TPR : 0.62
Class 0 | Demographic 1 | FPR : 0.14285714285714285
Class 0 | Demographic 1 | TNR : 0.8571428571428571
Class 0 | Demographic 1 | FNR : 0.38
model_demographic_parity_difference_c0 : 0.3766118836915297
human_demographic_parity_difference_c0 : 0.05069532237673835
system_demographic_parity_c0 : 0.3174462705436156
model_equalized_odds_difference_c0 : 0.355
human_equalized_odds_difference_c0 : 0.11746031746031743
system_equalized_odds_difference_c0 : 0.2904761904761905
Class 1 | Demographic 0 | TPR : 0.5666666666666667
Class 1 | Demographic 0 | FPR : 0.15
Class 1 | Demographic 0 | TNR : 0.85
Class 1 | Demographic 0 | FNR : 0.43333333333333335
Class 1 | Demographic 1 | TPR : 0.8571428571428571
Class 1 | Demographic 1 | FPR : 0.38
Class 1 | Demographic 1 | TNR : 0.62
Class 1 | Demographic 1 | FNR : 0.14285714285714285
model_demographic_parity_difference_c1 : 0.37661188369152965
human_demographic_parity_difference_c1 : 0.050695322376738294
system_demographic_parity_c1 : 0.3174462705436157
model_equalized_odds_difference_c1 : 0.355
human_equalized_odds_difference_c1 : 0.11746031746031749
system_equalized_odds_difference_c1 : 0.29047619047619044
deferral rate : 1.0
model accuracy : 0.6502732240437158
human accuracy : 0.726775956284153
combined accuracy : 0.7431693989071039


Fairness Metrics for fair combination: 
Class 0 | Demographic 0 | TPR : 0.625
Class 0 | Demographic 0 | FPR : 0.3
Class 0 | Demographic 0 | TNR : 0.7
Class 0 | Demographic 0 | FNR : 0.375
Class 0 | Demographic 1 | TPR : 0.74
Class 0 | Demographic 1 | FPR : 0.30158730158730157
Class 0 | Demographic 1 | TNR : 0.6984126984126984
Class 0 | Demographic 1 | FNR : 0.26
model_demographic_parity_difference_c0 : 0.3562579013906447
human_demographic_parity_difference_c0 : 0.05069532237673835
system_demographic_parity_c0 : 0.009860935524652337
model_equalized_odds_difference_c0 : 0.36000000000000004
human_equalized_odds_difference_c0 : 0.11746031746031743
system_equalized_odds_difference_c0 : 0.11499999999999999
Class 1 | Demographic 0 | TPR : 0.7
Class 1 | Demographic 0 | FPR : 0.375
Class 1 | Demographic 0 | TNR : 0.625
Class 1 | Demographic 0 | FNR : 0.3
Class 1 | Demographic 1 | TPR : 0.6984126984126984
Class 1 | Demographic 1 | FPR : 0.26
Class 1 | Demographic 1 | TNR : 0.74
Class 1 | Demographic 1 | FNR : 0.30158730158730157
model_demographic_parity_difference_c1 : 0.3562579013906447
human_demographic_parity_difference_c1 : 0.050695322376738294
system_demographic_parity_c1 : 0.009860935524652281
model_equalized_odds_difference_c1 : 0.36000000000000004
human_equalized_odds_difference_c1 : 0.11746031746031749
system_equalized_odds_difference_c1 : 0.11499999999999999
deferral rate : 0.8142076502732241
model accuracy : 0.6612021857923497
human accuracy : 0.726775956284153
combined accuracy : 0.6939890710382514
Trial 2/10


Fairness Metrics for cost optimized combination: 
Class 0 | Demographic 0 | TPR : 0.8928571428571429
Class 0 | Demographic 0 | FPR : 0.30434782608695654
Class 0 | Demographic 0 | TNR : 0.6956521739130435
Class 0 | Demographic 0 | FNR : 0.10714285714285714
Class 0 | Demographic 1 | TPR : 0.5853658536585366
Class 0 | Demographic 1 | FPR : 0.20634920634920634
Class 0 | Demographic 1 | TNR : 0.7936507936507936
Class 0 | Demographic 1 | FNR : 0.4146341463414634
model_demographic_parity_difference_c0 : 0.38193768257059396
human_demographic_parity_difference_c0 : 0.3045277507302824
system_demographic_parity_c0 : 0.36574975657254133
model_equalized_odds_difference_c0 : 0.3889372822299652
human_equalized_odds_difference_c0 : 0.22604529616724733
system_equalized_odds_difference_c0 : 0.30749128919860635
Class 1 | Demographic 0 | TPR : 0.6956521739130435
Class 1 | Demographic 0 | FPR : 0.10714285714285714
Class 1 | Demographic 0 | TNR : 0.8928571428571429
Class 1 | Demographic 0 | FNR : 0.30434782608695654
Class 1 | Demographic 1 | TPR : 0.7936507936507936
Class 1 | Demographic 1 | FPR : 0.4146341463414634
Class 1 | Demographic 1 | TNR : 0.5853658536585366
Class 1 | Demographic 1 | FNR : 0.20634920634920634
model_demographic_parity_difference_c1 : 0.381937682570594
human_demographic_parity_difference_c1 : 0.3045277507302824
system_demographic_parity_c1 : 0.36574975657254144
model_equalized_odds_difference_c1 : 0.38893728222996515
human_equalized_odds_difference_c1 : 0.2260452961672474
system_equalized_odds_difference_c1 : 0.30749128919860624
deferral rate : 0.9617486338797814
model accuracy : 0.6557377049180327
human accuracy : 0.8360655737704918
combined accuracy : 0.7650273224043715
WARNING: All predictions deferred → model accuracy will be NaN!
WARNING: All predictions deferred → model accuracy will be NaN!
WARNING: All predictions deferred → model accuracy will be NaN!


Fairness Metrics for all combination: 
Class 0 | Demographic 0 | TPR : 0.9285714285714286
Class 0 | Demographic 0 | FPR : 0.34782608695652173
Class 0 | Demographic 0 | TNR : 0.6521739130434783
Class 0 | Demographic 0 | FNR : 0.07142857142857142
Class 0 | Demographic 1 | TPR : 0.6585365853658537
Class 0 | Demographic 1 | FPR : 0.20634920634920634
Class 0 | Demographic 1 | TNR : 0.7936507936507936
Class 0 | Demographic 1 | FNR : 0.34146341463414637
model_demographic_parity_difference_c0 : 0.40628042843232715
human_demographic_parity_difference_c0 : 0.3045277507302824
system_demographic_parity_c0 : 0.37487828627069136
model_equalized_odds_difference_c0 : 0.3985191637630662
human_equalized_odds_difference_c0 : 0.22604529616724733
system_equalized_odds_difference_c0 : 0.2700348432055749
Class 1 | Demographic 0 | TPR : 0.6521739130434783
Class 1 | Demographic 0 | FPR : 0.07142857142857142
Class 1 | Demographic 0 | TNR : 0.9285714285714286
Class 1 | Demographic 0 | FNR : 0.34782608695652173
Class 1 | Demographic 1 | TPR : 0.7936507936507936
Class 1 | Demographic 1 | FPR : 0.34146341463414637
Class 1 | Demographic 1 | TNR : 0.6585365853658537
Class 1 | Demographic 1 | FNR : 0.20634920634920634
model_demographic_parity_difference_c1 : 0.40628042843232715
human_demographic_parity_difference_c1 : 0.3045277507302824
system_demographic_parity_c1 : 0.37487828627069136
model_equalized_odds_difference_c1 : 0.3985191637630662
human_equalized_odds_difference_c1 : 0.2260452961672474
system_equalized_odds_difference_c1 : 0.2700348432055749
deferral rate : 1.0
model accuracy : 0.6775956284153005
human accuracy : 0.8360655737704918
combined accuracy : 0.7868852459016393


Fairness Metrics for fair combination: 
Class 0 | Demographic 0 | TPR : 0.9821428571428571
Class 0 | Demographic 0 | FPR : 0.17391304347826086
Class 0 | Demographic 0 | TNR : 0.8260869565217391
Class 0 | Demographic 0 | FNR : 0.017857142857142856
Class 0 | Demographic 1 | TPR : 0.7073170731707317
Class 0 | Demographic 1 | FPR : 0.31746031746031744
Class 0 | Demographic 1 | TNR : 0.6825396825396826
Class 0 | Demographic 1 | FNR : 0.2926829268292683
model_demographic_parity_difference_c0 : 0.4184518013631938
human_demographic_parity_difference_c0 : 0.3045277507302824
system_demographic_parity_c0 : 0.2756815968841285
model_equalized_odds_difference_c0 : 0.367595818815331
human_equalized_odds_difference_c0 : 0.22604529616724733
system_equalized_odds_difference_c0 : 0.2748257839721254
Class 1 | Demographic 0 | TPR : 0.8260869565217391
Class 1 | Demographic 0 | FPR : 0.017857142857142856
Class 1 | Demographic 0 | TNR : 0.9821428571428571
Class 1 | Demographic 0 | FNR : 0.17391304347826086
Class 1 | Demographic 1 | TPR : 0.6825396825396826
Class 1 | Demographic 1 | FPR : 0.2926829268292683
Class 1 | Demographic 1 | TNR : 0.7073170731707317
Class 1 | Demographic 1 | FNR : 0.31746031746031744
model_demographic_parity_difference_c1 : 0.4184518013631938
human_demographic_parity_difference_c1 : 0.3045277507302824
system_demographic_parity_c1 : 0.2756815968841285
model_equalized_odds_difference_c1 : 0.367595818815331
human_equalized_odds_difference_c1 : 0.2260452961672474
system_equalized_odds_difference_c1 : 0.2748257839721254
deferral rate : 0.8797814207650273
model accuracy : 0.6666666666666666
human accuracy : 0.8360655737704918
combined accuracy : 0.7978142076502732
Trial 3/10


Fairness Metrics for cost optimized combination: 
Class 0 | Demographic 0 | TPR : 0.9375
Class 0 | Demographic 0 | FPR : 0.1875
Class 0 | Demographic 0 | TNR : 0.8125
Class 0 | Demographic 0 | FNR : 0.0625
Class 0 | Demographic 1 | TPR : 0.8
Class 0 | Demographic 1 | FPR : 0.10344827586206896
Class 0 | Demographic 1 | TNR : 0.896551724137931
Class 0 | Demographic 1 | FNR : 0.2
model_demographic_parity_difference_c0 : 0.2963592233009709
human_demographic_parity_difference_c0 : 0.06177184466019414
system_demographic_parity_c0 : 0.22973300970873783
model_equalized_odds_difference_c0 : 0.2777777777777778
human_equalized_odds_difference_c0 : 0.14439655172413793
system_equalized_odds_difference_c0 : 0.13749999999999996
Class 1 | Demographic 0 | TPR : 0.8125
Class 1 | Demographic 0 | FPR : 0.0625
Class 1 | Demographic 0 | TNR : 0.9375
Class 1 | Demographic 0 | FNR : 0.1875
Class 1 | Demographic 1 | TPR : 0.896551724137931
Class 1 | Demographic 1 | FPR : 0.2
Class 1 | Demographic 1 | TNR : 0.8
Class 1 | Demographic 1 | FNR : 0.10344827586206896
model_demographic_parity_difference_c1 : 0.2963592233009708
human_demographic_parity_difference_c1 : 0.06177184466019414
system_demographic_parity_c1 : 0.22973300970873783
model_equalized_odds_difference_c1 : 0.2777777777777778
human_equalized_odds_difference_c1 : 0.1443965517241379
system_equalized_odds_difference_c1 : 0.1375
deferral rate : 0.912568306010929
model accuracy : 0.6939890710382514
human accuracy : 0.8415300546448088
combined accuracy : 0.8688524590163934
WARNING: All predictions deferred → model accuracy will be NaN!
WARNING: All predictions deferred → model accuracy will be NaN!
WARNING: All predictions deferred → model accuracy will be NaN!


Fairness Metrics for all combination: 
Class 0 | Demographic 0 | TPR : 0.9375
Class 0 | Demographic 0 | FPR : 0.1875
Class 0 | Demographic 0 | TNR : 0.8125
Class 0 | Demographic 0 | FNR : 0.0625
Class 0 | Demographic 1 | TPR : 0.8
Class 0 | Demographic 1 | FPR : 0.08620689655172414
Class 0 | Demographic 1 | TNR : 0.9137931034482759
Class 0 | Demographic 1 | FNR : 0.2
model_demographic_parity_difference_c0 : 0.2935679611650485
human_demographic_parity_difference_c0 : 0.06177184466019414
system_demographic_parity_c0 : 0.2394417475728155
model_equalized_odds_difference_c0 : 0.2777777777777778
human_equalized_odds_difference_c0 : 0.14439655172413793
system_equalized_odds_difference_c0 : 0.13749999999999996
Class 1 | Demographic 0 | TPR : 0.8125
Class 1 | Demographic 0 | FPR : 0.0625
Class 1 | Demographic 0 | TNR : 0.9375
Class 1 | Demographic 0 | FNR : 0.1875
Class 1 | Demographic 1 | TPR : 0.9137931034482759
Class 1 | Demographic 1 | FPR : 0.2
Class 1 | Demographic 1 | TNR : 0.8
Class 1 | Demographic 1 | FNR : 0.08620689655172414
model_demographic_parity_difference_c1 : 0.2935679611650486
human_demographic_parity_difference_c1 : 0.06177184466019414
system_demographic_parity_c1 : 0.2394417475728155
model_equalized_odds_difference_c1 : 0.2777777777777778
human_equalized_odds_difference_c1 : 0.1443965517241379
system_equalized_odds_difference_c1 : 0.1375
deferral rate : 1.0
model accuracy : 0.7049180327868853
human accuracy : 0.8415300546448088
combined accuracy : 0.8743169398907104


Fairness Metrics for fair combination: 
Class 0 | Demographic 0 | TPR : 0.8541666666666666
Class 0 | Demographic 0 | FPR : 0.15625
Class 0 | Demographic 0 | TNR : 0.84375
Class 0 | Demographic 0 | FNR : 0.14583333333333334
Class 0 | Demographic 1 | TPR : 0.8222222222222222
Class 0 | Demographic 1 | FPR : 0.22413793103448276
Class 0 | Demographic 1 | TNR : 0.7758620689655172
Class 0 | Demographic 1 | FNR : 0.17777777777777778
model_demographic_parity_difference_c0 : 0.2935679611650485
human_demographic_parity_difference_c0 : 0.06177184466019414
system_demographic_parity_c0 : 0.08956310679611645
model_equalized_odds_difference_c0 : 0.2777777777777778
human_equalized_odds_difference_c0 : 0.14439655172413793
system_equalized_odds_difference_c0 : 0.06788793103448276
Class 1 | Demographic 0 | TPR : 0.84375
Class 1 | Demographic 0 | FPR : 0.14583333333333334
Class 1 | Demographic 0 | TNR : 0.8541666666666666
Class 1 | Demographic 0 | FNR : 0.15625
Class 1 | Demographic 1 | TPR : 0.7758620689655172
Class 1 | Demographic 1 | FPR : 0.17777777777777778
Class 1 | Demographic 1 | TNR : 0.8222222222222222
Class 1 | Demographic 1 | FNR : 0.22413793103448276
model_demographic_parity_difference_c1 : 0.2935679611650486
human_demographic_parity_difference_c1 : 0.06177184466019414
system_demographic_parity_c1 : 0.08956310679611651
model_equalized_odds_difference_c1 : 0.2777777777777778
human_equalized_odds_difference_c1 : 0.1443965517241379
system_equalized_odds_difference_c1 : 0.06788793103448276
deferral rate : 0.8469945355191257
model accuracy : 0.7049180327868853
human accuracy : 0.8415300546448088
combined accuracy : 0.819672131147541
Trial 4/10


Fairness Metrics for cost optimized combination: 
Class 0 | Demographic 0 | TPR : 0.9607843137254902
Class 0 | Demographic 0 | FPR : 0.3333333333333333
Class 0 | Demographic 0 | TNR : 0.6666666666666666
Class 0 | Demographic 0 | FNR : 0.0392156862745098
Class 0 | Demographic 1 | TPR : 0.782608695652174
Class 0 | Demographic 1 | FPR : 0.1694915254237288
Class 0 | Demographic 1 | TNR : 0.8305084745762712
Class 0 | Demographic 1 | FNR : 0.21739130434782608
model_demographic_parity_difference_c0 : 0.3054945054945055
human_demographic_parity_difference_c0 : 0.04652014652014658
system_demographic_parity_c0 : 0.3054945054945055
model_equalized_odds_difference_c0 : 0.30445699937225357
human_equalized_odds_difference_c0 : 0.18016321406151914
system_equalized_odds_difference_c0 : 0.17817561807331628
Class 1 | Demographic 0 | TPR : 0.6666666666666666
Class 1 | Demographic 0 | FPR : 0.0392156862745098
Class 1 | Demographic 0 | TNR : 0.9607843137254902
Class 1 | Demographic 0 | FNR : 0.3333333333333333
Class 1 | Demographic 1 | TPR : 0.8305084745762712
Class 1 | Demographic 1 | FPR : 0.21739130434782608
Class 1 | Demographic 1 | TNR : 0.782608695652174
Class 1 | Demographic 1 | FNR : 0.1694915254237288
model_demographic_parity_difference_c1 : 0.3054945054945055
human_demographic_parity_difference_c1 : 0.04652014652014652
system_demographic_parity_c1 : 0.3054945054945055
model_equalized_odds_difference_c1 : 0.3044569993722536
human_equalized_odds_difference_c1 : 0.18016321406151914
system_equalized_odds_difference_c1 : 0.17817561807331628
deferral rate : 0.9289617486338798
model accuracy : 0.6775956284153005
human accuracy : 0.8087431693989071
combined accuracy : 0.8306010928961749
WARNING: All predictions deferred → model accuracy will be NaN!
WARNING: All predictions deferred → model accuracy will be NaN!
WARNING: All predictions deferred → model accuracy will be NaN!


Fairness Metrics for all combination: 
Class 0 | Demographic 0 | TPR : 0.9215686274509803
Class 0 | Demographic 0 | FPR : 0.2962962962962963
Class 0 | Demographic 0 | TNR : 0.7037037037037037
Class 0 | Demographic 0 | FNR : 0.0784313725490196
Class 0 | Demographic 1 | TPR : 0.7608695652173914
Class 0 | Demographic 1 | FPR : 0.1694915254237288
Class 0 | Demographic 1 | TNR : 0.8305084745762712
Class 0 | Demographic 1 | FNR : 0.2391304347826087
model_demographic_parity_difference_c0 : 0.31501831501831506
human_demographic_parity_difference_c0 : 0.04652014652014658
system_demographic_parity_c0 : 0.27655677655677663
model_equalized_odds_difference_c0 : 0.32140615191462646
human_equalized_odds_difference_c0 : 0.18016321406151914
system_equalized_odds_difference_c0 : 0.16069906223358899
Class 1 | Demographic 0 | TPR : 0.7037037037037037
Class 1 | Demographic 0 | FPR : 0.0784313725490196
Class 1 | Demographic 0 | TNR : 0.9215686274509803
Class 1 | Demographic 0 | FNR : 0.2962962962962963
Class 1 | Demographic 1 | TPR : 0.8305084745762712
Class 1 | Demographic 1 | FPR : 0.2391304347826087
Class 1 | Demographic 1 | TNR : 0.7608695652173914
Class 1 | Demographic 1 | FNR : 0.1694915254237288
model_demographic_parity_difference_c1 : 0.315018315018315
human_demographic_parity_difference_c1 : 0.04652014652014652
system_demographic_parity_c1 : 0.2765567765567765
model_equalized_odds_difference_c1 : 0.32140615191462646
human_equalized_odds_difference_c1 : 0.18016321406151914
system_equalized_odds_difference_c1 : 0.1606990622335891
deferral rate : 1.0
model accuracy : 0.6830601092896175
human accuracy : 0.8087431693989071
combined accuracy : 0.819672131147541


Fairness Metrics for fair combination: 
Class 0 | Demographic 0 | TPR : 0.8235294117647058
Class 0 | Demographic 0 | FPR : 0.1111111111111111
Class 0 | Demographic 0 | TNR : 0.8888888888888888
Class 0 | Demographic 0 | FNR : 0.17647058823529413
Class 0 | Demographic 1 | TPR : 0.782608695652174
Class 0 | Demographic 1 | FPR : 0.2542372881355932
Class 0 | Demographic 1 | TNR : 0.7457627118644068
Class 0 | Demographic 1 | FNR : 0.21739130434782608
model_demographic_parity_difference_c0 : 0.3974358974358974
human_demographic_parity_difference_c0 : 0.04652014652014658
system_demographic_parity_c0 : 0.09120879120879116
model_equalized_odds_difference_c0 : 0.34526854219948844
human_equalized_odds_difference_c0 : 0.18016321406151914
system_equalized_odds_difference_c0 : 0.1431261770244821
Class 1 | Demographic 0 | TPR : 0.8888888888888888
Class 1 | Demographic 0 | FPR : 0.17647058823529413
Class 1 | Demographic 0 | TNR : 0.8235294117647058
Class 1 | Demographic 0 | FNR : 0.1111111111111111
Class 1 | Demographic 1 | TPR : 0.7457627118644068
Class 1 | Demographic 1 | FPR : 0.21739130434782608
Class 1 | Demographic 1 | TNR : 0.782608695652174
Class 1 | Demographic 1 | FNR : 0.2542372881355932
model_demographic_parity_difference_c1 : 0.3974358974358974
human_demographic_parity_difference_c1 : 0.04652014652014652
system_demographic_parity_c1 : 0.09120879120879116
model_equalized_odds_difference_c1 : 0.34526854219948844
human_equalized_odds_difference_c1 : 0.18016321406151914
system_equalized_odds_difference_c1 : 0.14312617702448205
deferral rate : 0.819672131147541
model accuracy : 0.6666666666666666
human accuracy : 0.8087431693989071
combined accuracy : 0.7978142076502732
Trial 5/10


Fairness Metrics for cost optimized combination: 
Class 0 | Demographic 0 | TPR : 0.8604651162790697
Class 0 | Demographic 0 | FPR : 0.5161290322580645
Class 0 | Demographic 0 | TNR : 0.4838709677419355
Class 0 | Demographic 0 | FNR : 0.13953488372093023
Class 0 | Demographic 1 | TPR : 0.6904761904761905
Class 0 | Demographic 1 | FPR : 0.14925373134328357
Class 0 | Demographic 1 | TNR : 0.8507462686567164
Class 0 | Demographic 1 | FNR : 0.30952380952380953
model_demographic_parity_difference_c0 : 0.3931316637738656
human_demographic_parity_difference_c0 : 0.10984378874287126
system_demographic_parity_c0 : 0.35841805107860153
model_equalized_odds_difference_c0 : 0.3789118921521425
human_equalized_odds_difference_c0 : 0.01781415503129513
system_equalized_odds_difference_c0 : 0.36687530091478093
Class 1 | Demographic 0 | TPR : 0.4838709677419355
Class 1 | Demographic 0 | FPR : 0.13953488372093023
Class 1 | Demographic 0 | TNR : 0.8604651162790697
Class 1 | Demographic 0 | FNR : 0.5161290322580645
Class 1 | Demographic 1 | TPR : 0.8507462686567164
Class 1 | Demographic 1 | FPR : 0.30952380952380953
Class 1 | Demographic 1 | TNR : 0.6904761904761905
Class 1 | Demographic 1 | FNR : 0.14925373134328357
model_demographic_parity_difference_c1 : 0.39313166377386566
human_demographic_parity_difference_c1 : 0.10984378874287126
system_demographic_parity_c1 : 0.3584180510786016
model_equalized_odds_difference_c1 : 0.37891189215214255
human_equalized_odds_difference_c1 : 0.01781415503129513
system_equalized_odds_difference_c1 : 0.36687530091478093
deferral rate : 0.8852459016393442
model accuracy : 0.6775956284153005
human accuracy : 0.7978142076502732
combined accuracy : 0.7540983606557377
WARNING: All predictions deferred → model accuracy will be NaN!
WARNING: All predictions deferred → model accuracy will be NaN!
WARNING: All predictions deferred → model accuracy will be NaN!


Fairness Metrics for all combination: 
Class 0 | Demographic 0 | TPR : 0.9302325581395349
Class 0 | Demographic 0 | FPR : 0.45161290322580644
Class 0 | Demographic 0 | TNR : 0.5483870967741935
Class 0 | Demographic 0 | FNR : 0.06976744186046512
Class 0 | Demographic 1 | TPR : 0.6666666666666666
Class 0 | Demographic 1 | FPR : 0.16417910447761194
Class 0 | Demographic 1 | TNR : 0.835820895522388
Class 0 | Demographic 1 | FNR : 0.3333333333333333
model_demographic_parity_difference_c0 : 0.36994792958095707
human_demographic_parity_difference_c0 : 0.10984378874287126
system_demographic_parity_c0 : 0.371931564592115
model_equalized_odds_difference_c0 : 0.3663938372652865
human_equalized_odds_difference_c0 : 0.01781415503129513
system_equalized_odds_difference_c0 : 0.2874337987481945
Class 1 | Demographic 0 | TPR : 0.5483870967741935
Class 1 | Demographic 0 | FPR : 0.06976744186046512
Class 1 | Demographic 0 | TNR : 0.9302325581395349
Class 1 | Demographic 0 | FNR : 0.45161290322580644
Class 1 | Demographic 1 | TPR : 0.835820895522388
Class 1 | Demographic 1 | FPR : 0.3333333333333333
Class 1 | Demographic 1 | TNR : 0.6666666666666666
Class 1 | Demographic 1 | FNR : 0.16417910447761194
model_demographic_parity_difference_c1 : 0.3699479295809571
human_demographic_parity_difference_c1 : 0.10984378874287126
system_demographic_parity_c1 : 0.37193156459211507
model_equalized_odds_difference_c1 : 0.36639383726528646
human_equalized_odds_difference_c1 : 0.01781415503129513
system_equalized_odds_difference_c1 : 0.2874337987481945
deferral rate : 1.0
model accuracy : 0.6612021857923497
human accuracy : 0.7978142076502732
combined accuracy : 0.7704918032786885


Fairness Metrics for fair combination: 
Class 0 | Demographic 0 | TPR : 0.8372093023255814
Class 0 | Demographic 0 | FPR : 0.22580645161290322
Class 0 | Demographic 0 | TNR : 0.7741935483870968
Class 0 | Demographic 0 | FNR : 0.16279069767441862
Class 0 | Demographic 1 | TPR : 0.7142857142857143
Class 0 | Demographic 1 | FPR : 0.13432835820895522
Class 0 | Demographic 1 | TNR : 0.8656716417910447
Class 0 | Demographic 1 | FNR : 0.2857142857142857
model_demographic_parity_difference_c0 : 0.46218695759980166
human_demographic_parity_difference_c0 : 0.10984378874287126
system_demographic_parity_c0 : 0.22328291594346633
model_equalized_odds_difference_c0 : 0.42368801155512753
human_equalized_odds_difference_c0 : 0.01781415503129513
system_equalized_odds_difference_c0 : 0.12292358803986714
Class 1 | Demographic 0 | TPR : 0.7741935483870968
Class 1 | Demographic 0 | FPR : 0.16279069767441862
Class 1 | Demographic 0 | TNR : 0.8372093023255814
Class 1 | Demographic 0 | FNR : 0.22580645161290322
Class 1 | Demographic 1 | TPR : 0.8656716417910447
Class 1 | Demographic 1 | FPR : 0.2857142857142857
Class 1 | Demographic 1 | TNR : 0.7142857142857143
Class 1 | Demographic 1 | FNR : 0.13432835820895522
model_demographic_parity_difference_c1 : 0.4621869575998016
human_demographic_parity_difference_c1 : 0.10984378874287126
system_demographic_parity_c1 : 0.22328291594346644
model_equalized_odds_difference_c1 : 0.42368801155512764
human_equalized_odds_difference_c1 : 0.01781415503129513
system_equalized_odds_difference_c1 : 0.12292358803986708
deferral rate : 0.8469945355191257
model accuracy : 0.6557377049180327
human accuracy : 0.7978142076502732
combined accuracy : 0.8087431693989071
Trial 6/10


Fairness Metrics for cost optimized combination: 
Class 0 | Demographic 0 | TPR : 0.9056603773584906
Class 0 | Demographic 0 | FPR : 0.35
Class 0 | Demographic 0 | TNR : 0.65
Class 0 | Demographic 0 | FNR : 0.09433962264150944
Class 0 | Demographic 1 | TPR : 0.6470588235294118
Class 0 | Demographic 1 | FPR : 0.08928571428571429
Class 0 | Demographic 1 | TNR : 0.9107142857142857
Class 0 | Demographic 1 | FNR : 0.35294117647058826
model_demographic_parity_difference_c0 : 0.5394265232974911
human_demographic_parity_difference_c0 : 0.18172043010752686
system_demographic_parity_c0 : 0.36666666666666664
model_equalized_odds_difference_c0 : 0.5421753607103219
human_equalized_odds_difference_c0 : 0.1
system_equalized_odds_difference_c0 : 0.2607142857142857
Class 1 | Demographic 0 | TPR : 0.65
Class 1 | Demographic 0 | FPR : 0.09433962264150944
Class 1 | Demographic 0 | TNR : 0.9056603773584906
Class 1 | Demographic 0 | FNR : 0.35
Class 1 | Demographic 1 | TPR : 0.9107142857142857
Class 1 | Demographic 1 | FPR : 0.35294117647058826
Class 1 | Demographic 1 | TNR : 0.6470588235294118
Class 1 | Demographic 1 | FNR : 0.08928571428571429
model_demographic_parity_difference_c1 : 0.5394265232974911
human_demographic_parity_difference_c1 : 0.18172043010752686
system_demographic_parity_c1 : 0.36666666666666664
model_equalized_odds_difference_c1 : 0.5421753607103219
human_equalized_odds_difference_c1 : 0.09999999999999998
system_equalized_odds_difference_c1 : 0.2607142857142857
deferral rate : 0.8579234972677595
model accuracy : 0.6502732240437158
human accuracy : 0.8087431693989071
combined accuracy : 0.8032786885245902
WARNING: All predictions deferred → model accuracy will be NaN!
WARNING: All predictions deferred → model accuracy will be NaN!
WARNING: All predictions deferred → model accuracy will be NaN!


Fairness Metrics for all combination: 
Class 0 | Demographic 0 | TPR : 0.9056603773584906
Class 0 | Demographic 0 | FPR : 0.425
Class 0 | Demographic 0 | TNR : 0.575
Class 0 | Demographic 0 | FNR : 0.09433962264150944
Class 0 | Demographic 1 | TPR : 0.6470588235294118
Class 0 | Demographic 1 | FPR : 0.125
Class 0 | Demographic 1 | TNR : 0.875
Class 0 | Demographic 1 | FNR : 0.35294117647058826
model_demographic_parity_difference_c0 : 0.47204301075268823
human_demographic_parity_difference_c0 : 0.18172043010752686
system_demographic_parity_c0 : 0.3767025089605735
model_equalized_odds_difference_c0 : 0.45714285714285713
human_equalized_odds_difference_c0 : 0.1
system_equalized_odds_difference_c0 : 0.3
Class 1 | Demographic 0 | TPR : 0.575
Class 1 | Demographic 0 | FPR : 0.09433962264150944
Class 1 | Demographic 0 | TNR : 0.9056603773584906
Class 1 | Demographic 0 | FNR : 0.425
Class 1 | Demographic 1 | TPR : 0.875
Class 1 | Demographic 1 | FPR : 0.35294117647058826
Class 1 | Demographic 1 | TNR : 0.6470588235294118
Class 1 | Demographic 1 | FNR : 0.125
model_demographic_parity_difference_c1 : 0.4720430107526882
human_demographic_parity_difference_c1 : 0.18172043010752686
system_demographic_parity_c1 : 0.3767025089605735
model_equalized_odds_difference_c1 : 0.4571428571428571
human_equalized_odds_difference_c1 : 0.09999999999999998
system_equalized_odds_difference_c1 : 0.30000000000000004
deferral rate : 1.0
model accuracy : 0.6502732240437158
human accuracy : 0.8087431693989071
combined accuracy : 0.7759562841530054


Fairness Metrics for fair combination: 
Class 0 | Demographic 0 | TPR : 0.7924528301886793
Class 0 | Demographic 0 | FPR : 0.225
Class 0 | Demographic 0 | TNR : 0.775
Class 0 | Demographic 0 | FNR : 0.20754716981132076
Class 0 | Demographic 1 | TPR : 0.6764705882352942
Class 0 | Demographic 1 | FPR : 0.16071428571428573
Class 0 | Demographic 1 | TNR : 0.8392857142857143
Class 0 | Demographic 1 | FNR : 0.3235294117647059
model_demographic_parity_difference_c0 : 0.48387096774193555
human_demographic_parity_difference_c0 : 0.18172043010752686
system_demographic_parity_c0 : 0.19283154121863794
model_equalized_odds_difference_c0 : 0.45394006659267483
human_equalized_odds_difference_c0 : 0.1
system_equalized_odds_difference_c0 : 0.11598224195338513
Class 1 | Demographic 0 | TPR : 0.775
Class 1 | Demographic 0 | FPR : 0.20754716981132076
Class 1 | Demographic 0 | TNR : 0.7924528301886793
Class 1 | Demographic 0 | FNR : 0.225
Class 1 | Demographic 1 | TPR : 0.8392857142857143
Class 1 | Demographic 1 | FPR : 0.3235294117647059
Class 1 | Demographic 1 | TNR : 0.6764705882352942
Class 1 | Demographic 1 | FNR : 0.16071428571428573
model_demographic_parity_difference_c1 : 0.48387096774193544
human_demographic_parity_difference_c1 : 0.18172043010752686
system_demographic_parity_c1 : 0.19283154121863805
model_equalized_odds_difference_c1 : 0.45394006659267483
human_equalized_odds_difference_c1 : 0.09999999999999998
system_equalized_odds_difference_c1 : 0.11598224195338513
deferral rate : 0.8415300546448088
model accuracy : 0.6557377049180327
human accuracy : 0.8087431693989071
combined accuracy : 0.7814207650273224
Trial 7/10


Fairness Metrics for cost optimized combination: 
Class 0 | Demographic 0 | TPR : 0.85
Class 0 | Demographic 0 | FPR : 0.2222222222222222
Class 0 | Demographic 0 | TNR : 0.7777777777777778
Class 0 | Demographic 0 | FNR : 0.15
Class 0 | Demographic 1 | TPR : 0.8478260869565217
Class 0 | Demographic 1 | FPR : 0.05714285714285714
Class 0 | Demographic 1 | TNR : 0.9428571428571428
Class 0 | Demographic 1 | FNR : 0.15217391304347827
model_demographic_parity_difference_c0 : 0.33710756562017496
human_demographic_parity_difference_c0 : 0.12287699433865151
system_demographic_parity_c0 : 0.22632527020072046
model_equalized_odds_difference_c0 : 0.3282608695652174
human_equalized_odds_difference_c0 : 0.04130434782608694
system_equalized_odds_difference_c0 : 0.16507936507936508
Class 1 | Demographic 0 | TPR : 0.7777777777777778
Class 1 | Demographic 0 | FPR : 0.15
Class 1 | Demographic 0 | TNR : 0.85
Class 1 | Demographic 0 | FNR : 0.2222222222222222
Class 1 | Demographic 1 | TPR : 0.9428571428571428
Class 1 | Demographic 1 | FPR : 0.15217391304347827
Class 1 | Demographic 1 | TNR : 0.8478260869565217
Class 1 | Demographic 1 | FNR : 0.05714285714285714
model_demographic_parity_difference_c1 : 0.337107565620175
human_demographic_parity_difference_c1 : 0.12287699433865157
system_demographic_parity_c1 : 0.22632527020072052
model_equalized_odds_difference_c1 : 0.3282608695652174
human_equalized_odds_difference_c1 : 0.041304347826086954
system_equalized_odds_difference_c1 : 0.16507936507936505
deferral rate : 0.9726775956284153
model accuracy : 0.6612021857923497
human accuracy : 0.8306010928961749
combined accuracy : 0.8743169398907104
WARNING: All predictions deferred → model accuracy will be NaN!
WARNING: All predictions deferred → model accuracy will be NaN!
WARNING: All predictions deferred → model accuracy will be NaN!


Fairness Metrics for all combination: 
Class 0 | Demographic 0 | TPR : 0.825
Class 0 | Demographic 0 | FPR : 0.2962962962962963
Class 0 | Demographic 0 | TNR : 0.7037037037037037
Class 0 | Demographic 0 | FNR : 0.175
Class 0 | Demographic 1 | TPR : 0.8478260869565217
Class 0 | Demographic 1 | FPR : 0.11428571428571428
Class 0 | Demographic 1 | TNR : 0.8857142857142857
Class 0 | Demographic 1 | FNR : 0.15217391304347827
model_demographic_parity_difference_c0 : 0.345084920226454
human_demographic_parity_difference_c0 : 0.12287699433865151
system_demographic_parity_c0 : 0.20676788471435925
model_equalized_odds_difference_c0 : 0.31534391534391537
human_equalized_odds_difference_c0 : 0.04130434782608694
system_equalized_odds_difference_c0 : 0.182010582010582
Class 1 | Demographic 0 | TPR : 0.7037037037037037
Class 1 | Demographic 0 | FPR : 0.175
Class 1 | Demographic 0 | TNR : 0.825
Class 1 | Demographic 0 | FNR : 0.2962962962962963
Class 1 | Demographic 1 | TPR : 0.8857142857142857
Class 1 | Demographic 1 | FPR : 0.15217391304347827
Class 1 | Demographic 1 | TNR : 0.8478260869565217
Class 1 | Demographic 1 | FNR : 0.11428571428571428
model_demographic_parity_difference_c1 : 0.345084920226454
human_demographic_parity_difference_c1 : 0.12287699433865157
system_demographic_parity_c1 : 0.20676788471435925
model_equalized_odds_difference_c1 : 0.31534391534391537
human_equalized_odds_difference_c1 : 0.041304347826086954
system_equalized_odds_difference_c1 : 0.18201058201058196
deferral rate : 1.0
model accuracy : 0.6612021857923497
human accuracy : 0.8306010928961749
combined accuracy : 0.8360655737704918


Fairness Metrics for fair combination: 
Class 0 | Demographic 0 | TPR : 0.85
Class 0 | Demographic 0 | FPR : 0.37037037037037035
Class 0 | Demographic 0 | TNR : 0.6296296296296297
Class 0 | Demographic 0 | FNR : 0.15
Class 0 | Demographic 1 | TPR : 0.8478260869565217
Class 0 | Demographic 1 | FPR : 0.24285714285714285
Class 0 | Demographic 1 | TNR : 0.7571428571428571
Class 0 | Demographic 1 | FNR : 0.15217391304347827
model_demographic_parity_difference_c0 : 0.29632012352032944
human_demographic_parity_difference_c0 : 0.12287699433865151
system_demographic_parity_c0 : 0.17395779722079258
model_equalized_odds_difference_c0 : 0.3065217391304348
human_equalized_odds_difference_c0 : 0.04130434782608694
system_equalized_odds_difference_c0 : 0.1275132275132275
Class 1 | Demographic 0 | TPR : 0.6296296296296297
Class 1 | Demographic 0 | FPR : 0.15
Class 1 | Demographic 0 | TNR : 0.85
Class 1 | Demographic 0 | FNR : 0.37037037037037035
Class 1 | Demographic 1 | TPR : 0.7571428571428571
Class 1 | Demographic 1 | FPR : 0.15217391304347827
Class 1 | Demographic 1 | TNR : 0.8478260869565217
Class 1 | Demographic 1 | FNR : 0.24285714285714285
model_demographic_parity_difference_c1 : 0.29632012352032944
human_demographic_parity_difference_c1 : 0.12287699433865157
system_demographic_parity_c1 : 0.17395779722079263
model_equalized_odds_difference_c1 : 0.3065217391304348
human_equalized_odds_difference_c1 : 0.041304347826086954
system_equalized_odds_difference_c1 : 0.12751322751322747
deferral rate : 0.7814207650273224
model accuracy : 0.6612021857923497
human accuracy : 0.8306010928961749
combined accuracy : 0.7814207650273224
Trial 8/10


Fairness Metrics for cost optimized combination: 
Class 0 | Demographic 0 | TPR : 0.8636363636363636
Class 0 | Demographic 0 | FPR : 0.2571428571428571
Class 0 | Demographic 0 | TNR : 0.7428571428571429
Class 0 | Demographic 0 | FNR : 0.13636363636363635
Class 0 | Demographic 1 | TPR : 0.6136363636363636
Class 0 | Demographic 1 | FPR : 0.15
Class 0 | Demographic 1 | TNR : 0.85
Class 0 | Demographic 1 | FNR : 0.38636363636363635
model_demographic_parity_difference_c0 : 0.39203992210321326
human_demographic_parity_difference_c0 : 0.12779941577409926
system_demographic_parity_c0 : 0.2487828627069133
model_equalized_odds_difference_c0 : 0.3636363636363636
human_equalized_odds_difference_c0 : 0.05000000000000002
system_equalized_odds_difference_c0 : 0.25
Class 1 | Demographic 0 | TPR : 0.7142857142857143
Class 1 | Demographic 0 | FPR : 0.13636363636363635
Class 1 | Demographic 0 | TNR : 0.8636363636363636
Class 1 | Demographic 0 | FNR : 0.2857142857142857
Class 1 | Demographic 1 | TPR : 0.85
Class 1 | Demographic 1 | FPR : 0.38636363636363635
Class 1 | Demographic 1 | TNR : 0.6136363636363636
Class 1 | Demographic 1 | FNR : 0.15
model_demographic_parity_difference_c1 : 0.39203992210321326
human_demographic_parity_difference_c1 : 0.1277994157740993
system_demographic_parity_c1 : 0.26144109055501463
model_equalized_odds_difference_c1 : 0.36363636363636365
human_equalized_odds_difference_c1 : 0.04999999999999993
system_equalized_odds_difference_c1 : 0.25
deferral rate : 0.9180327868852459
model accuracy : 0.6612021857923497
human accuracy : 0.8032786885245902
combined accuracy : 0.7704918032786885
WARNING: All predictions deferred → model accuracy will be NaN!
WARNING: All predictions deferred → model accuracy will be NaN!
WARNING: All predictions deferred → model accuracy will be NaN!


Fairness Metrics for all combination: 
Class 0 | Demographic 0 | TPR : 0.8863636363636364
Class 0 | Demographic 0 | FPR : 0.2857142857142857
Class 0 | Demographic 0 | TNR : 0.7142857142857143
Class 0 | Demographic 0 | FNR : 0.11363636363636363
Class 0 | Demographic 1 | TPR : 0.6818181818181818
Class 0 | Demographic 1 | FPR : 0.16666666666666666
Class 0 | Demographic 1 | TNR : 0.8333333333333334
Class 0 | Demographic 1 | FNR : 0.3181818181818182
model_demographic_parity_difference_c0 : 0.35211781888997074
human_demographic_parity_difference_c0 : 0.12779941577409926
system_demographic_parity_c0 : 0.23563777994157736
model_equalized_odds_difference_c0 : 0.3181818181818181
human_equalized_odds_difference_c0 : 0.05000000000000002
system_equalized_odds_difference_c0 : 0.20454545454545459
Class 1 | Demographic 0 | TPR : 0.7142857142857143
Class 1 | Demographic 0 | FPR : 0.11363636363636363
Class 1 | Demographic 0 | TNR : 0.8863636363636364
Class 1 | Demographic 0 | FNR : 0.2857142857142857
Class 1 | Demographic 1 | TPR : 0.8333333333333334
Class 1 | Demographic 1 | FPR : 0.3181818181818182
Class 1 | Demographic 1 | TNR : 0.6818181818181818
Class 1 | Demographic 1 | FNR : 0.16666666666666666
model_demographic_parity_difference_c1 : 0.35211781888997074
human_demographic_parity_difference_c1 : 0.1277994157740993
system_demographic_parity_c1 : 0.23563777994157742
model_equalized_odds_difference_c1 : 0.31818181818181823
human_equalized_odds_difference_c1 : 0.04999999999999993
system_equalized_odds_difference_c1 : 0.20454545454545453
deferral rate : 1.0
model accuracy : 0.6557377049180327
human accuracy : 0.8032786885245902
combined accuracy : 0.7868852459016393


Fairness Metrics for fair combination: 
Class 0 | Demographic 0 | TPR : 0.7954545454545454
Class 0 | Demographic 0 | FPR : 0.37142857142857144
Class 0 | Demographic 0 | TNR : 0.6285714285714286
Class 0 | Demographic 0 | FNR : 0.20454545454545456
Class 0 | Demographic 1 | TPR : 0.7272727272727273
Class 0 | Demographic 1 | FPR : 0.16666666666666666
Class 0 | Demographic 1 | TNR : 0.8333333333333334
Class 0 | Demographic 1 | FNR : 0.2727272727272727
model_demographic_parity_difference_c0 : 0.3880233690360273
human_demographic_parity_difference_c0 : 0.12779941577409926
system_demographic_parity_c0 : 0.20374878286270692
model_equalized_odds_difference_c0 : 0.36666666666666664
human_equalized_odds_difference_c0 : 0.05000000000000002
system_equalized_odds_difference_c0 : 0.20476190476190478
Class 1 | Demographic 0 | TPR : 0.6285714285714286
Class 1 | Demographic 0 | FPR : 0.20454545454545456
Class 1 | Demographic 0 | TNR : 0.7954545454545454
Class 1 | Demographic 0 | FNR : 0.37142857142857144
Class 1 | Demographic 1 | TPR : 0.8333333333333334
Class 1 | Demographic 1 | FPR : 0.2727272727272727
Class 1 | Demographic 1 | TNR : 0.7272727272727273
Class 1 | Demographic 1 | FNR : 0.16666666666666666
model_demographic_parity_difference_c1 : 0.3880233690360273
human_demographic_parity_difference_c1 : 0.1277994157740993
system_demographic_parity_c1 : 0.20374878286270692
model_equalized_odds_difference_c1 : 0.3666666666666667
human_equalized_odds_difference_c1 : 0.04999999999999993
system_equalized_odds_difference_c1 : 0.2047619047619048
deferral rate : 0.8142076502732241
model accuracy : 0.6502732240437158
human accuracy : 0.8032786885245902
combined accuracy : 0.7595628415300546
Trial 9/10


Fairness Metrics for cost optimized combination: 
Class 0 | Demographic 0 | TPR : 0.975
Class 0 | Demographic 0 | FPR : 0.4444444444444444
Class 0 | Demographic 0 | TNR : 0.5555555555555556
Class 0 | Demographic 0 | FNR : 0.025
Class 0 | Demographic 1 | TPR : 0.6521739130434783
Class 0 | Demographic 1 | FPR : 0.19230769230769232
Class 0 | Demographic 1 | TNR : 0.8076923076923077
Class 0 | Demographic 1 | FNR : 0.34782608695652173
model_demographic_parity_difference_c0 : 0.4883553421368548
human_demographic_parity_difference_c0 : 0.0333733493397359
system_demographic_parity_c0 : 0.28595438175270105
model_equalized_odds_difference_c0 : 0.6456521739130434
human_equalized_odds_difference_c0 : 0.04565217391304344
system_equalized_odds_difference_c0 : 0.3228260869565217
Class 1 | Demographic 0 | TPR : 0.5555555555555556
Class 1 | Demographic 0 | FPR : 0.025
Class 1 | Demographic 0 | TNR : 0.975
Class 1 | Demographic 0 | FNR : 0.4444444444444444
Class 1 | Demographic 1 | TPR : 0.8076923076923077
Class 1 | Demographic 1 | FPR : 0.34782608695652173
Class 1 | Demographic 1 | TNR : 0.6521739130434783
Class 1 | Demographic 1 | FNR : 0.19230769230769232
model_demographic_parity_difference_c1 : 0.4883553421368547
human_demographic_parity_difference_c1 : 0.03337334933973579
system_demographic_parity_c1 : 0.28595438175270105
model_equalized_odds_difference_c1 : 0.6456521739130434
human_equalized_odds_difference_c1 : 0.04565217391304349
system_equalized_odds_difference_c1 : 0.3228260869565217
deferral rate : 0.8961748633879781
model accuracy : 0.5245901639344263
human accuracy : 0.8415300546448088
combined accuracy : 0.7431693989071039
WARNING: All predictions deferred → model accuracy will be NaN!
WARNING: All predictions deferred → model accuracy will be NaN!
WARNING: All predictions deferred → model accuracy will be NaN!


Fairness Metrics for all combination: 
Class 0 | Demographic 0 | TPR : 0.975
Class 0 | Demographic 0 | FPR : 0.4444444444444444
Class 0 | Demographic 0 | TNR : 0.5555555555555556
Class 0 | Demographic 0 | FNR : 0.025
Class 0 | Demographic 1 | TPR : 0.6739130434782609
Class 0 | Demographic 1 | FPR : 0.19230769230769232
Class 0 | Demographic 1 | TNR : 0.8076923076923077
Class 0 | Demographic 1 | FNR : 0.32608695652173914
model_demographic_parity_difference_c0 : 0.4812725090036014
human_demographic_parity_difference_c0 : 0.0333733493397359
system_demographic_parity_c0 : 0.275750300120048
model_equalized_odds_difference_c0 : 0.6021739130434782
human_equalized_odds_difference_c0 : 0.04565217391304344
system_equalized_odds_difference_c0 : 0.3010869565217391
Class 1 | Demographic 0 | TPR : 0.5555555555555556
Class 1 | Demographic 0 | FPR : 0.025
Class 1 | Demographic 0 | TNR : 0.975
Class 1 | Demographic 0 | FNR : 0.4444444444444444
Class 1 | Demographic 1 | TPR : 0.8076923076923077
Class 1 | Demographic 1 | FPR : 0.32608695652173914
Class 1 | Demographic 1 | TNR : 0.6739130434782609
Class 1 | Demographic 1 | FNR : 0.19230769230769232
model_demographic_parity_difference_c1 : 0.48127250900360147
human_demographic_parity_difference_c1 : 0.03337334933973579
system_demographic_parity_c1 : 0.275750300120048
model_equalized_odds_difference_c1 : 0.6021739130434782
human_equalized_odds_difference_c1 : 0.04565217391304349
system_equalized_odds_difference_c1 : 0.3010869565217391
deferral rate : 1.0
model accuracy : 0.5191256830601093
human accuracy : 0.8415300546448088
combined accuracy : 0.7486338797814208


Fairness Metrics for fair combination: 
Class 0 | Demographic 0 | TPR : 0.85
Class 0 | Demographic 0 | FPR : 0.24444444444444444
Class 0 | Demographic 0 | TNR : 0.7555555555555555
Class 0 | Demographic 0 | FNR : 0.15
Class 0 | Demographic 1 | TPR : 0.7608695652173914
Class 0 | Demographic 1 | FPR : 0.15384615384615385
Class 0 | Demographic 1 | TNR : 0.8461538461538461
Class 0 | Demographic 1 | FNR : 0.2391304347826087
model_demographic_parity_difference_c0 : 0.5118847539015605
human_demographic_parity_difference_c0 : 0.0333733493397359
system_demographic_parity_c0 : 0.09063625450180074
model_equalized_odds_difference_c0 : 0.6456521739130434
human_equalized_odds_difference_c0 : 0.04565217391304344
system_equalized_odds_difference_c0 : 0.09059829059829058
Class 1 | Demographic 0 | TPR : 0.7555555555555555
Class 1 | Demographic 0 | FPR : 0.15
Class 1 | Demographic 0 | TNR : 0.85
Class 1 | Demographic 0 | FNR : 0.24444444444444444
Class 1 | Demographic 1 | TPR : 0.8461538461538461
Class 1 | Demographic 1 | FPR : 0.2391304347826087
Class 1 | Demographic 1 | TNR : 0.7608695652173914
Class 1 | Demographic 1 | FNR : 0.15384615384615385
model_demographic_parity_difference_c1 : 0.5118847539015605
human_demographic_parity_difference_c1 : 0.03337334933973579
system_demographic_parity_c1 : 0.09063625450180068
model_equalized_odds_difference_c1 : 0.6456521739130434
human_equalized_odds_difference_c1 : 0.04565217391304349
system_equalized_odds_difference_c1 : 0.09059829059829061
deferral rate : 0.8688524590163934
model accuracy : 0.5136612021857924
human accuracy : 0.8415300546448088
combined accuracy : 0.8032786885245902
Trial 10/10


Fairness Metrics for cost optimized combination: 
Class 0 | Demographic 0 | TPR : 0.8333333333333334
Class 0 | Demographic 0 | FPR : 0.4230769230769231
Class 0 | Demographic 0 | TNR : 0.5769230769230769
Class 0 | Demographic 0 | FNR : 0.16666666666666666
Class 0 | Demographic 1 | TPR : 0.7659574468085106
Class 0 | Demographic 1 | FPR : 0.16129032258064516
Class 0 | Demographic 1 | TNR : 0.8387096774193549
Class 0 | Demographic 1 | FNR : 0.23404255319148937
model_demographic_parity_difference_c0 : 0.28936275725266547
human_demographic_parity_difference_c0 : 0.19476816265807084
system_demographic_parity_c0 : 0.2671708405653359
model_equalized_odds_difference_c0 : 0.3089330024813896
human_equalized_odds_difference_c0 : 0.12406947890818856
system_equalized_odds_difference_c0 : 0.2617866004962779
Class 1 | Demographic 0 | TPR : 0.5769230769230769
Class 1 | Demographic 0 | FPR : 0.16666666666666666
Class 1 | Demographic 0 | TNR : 0.8333333333333334
Class 1 | Demographic 0 | FNR : 0.4230769230769231
Class 1 | Demographic 1 | TPR : 0.8387096774193549
Class 1 | Demographic 1 | FPR : 0.23404255319148937
Class 1 | Demographic 1 | TNR : 0.7659574468085106
Class 1 | Demographic 1 | FNR : 0.16129032258064516
model_demographic_parity_difference_c1 : 0.28936275725266547
human_demographic_parity_difference_c1 : 0.1947681626580709
system_demographic_parity_c1 : 0.26717084056533597
model_equalized_odds_difference_c1 : 0.3089330024813896
human_equalized_odds_difference_c1 : 0.12406947890818865
system_equalized_odds_difference_c1 : 0.261786600496278
deferral rate : 0.9180327868852459
model accuracy : 0.6557377049180327
human accuracy : 0.825136612021858
combined accuracy : 0.7814207650273224
WARNING: All predictions deferred → model accuracy will be NaN!
WARNING: All predictions deferred → model accuracy will be NaN!
WARNING: All predictions deferred → model accuracy will be NaN!


Fairness Metrics for all combination: 
Class 0 | Demographic 0 | TPR : 0.7916666666666666
Class 0 | Demographic 0 | FPR : 0.34615384615384615
Class 0 | Demographic 0 | TNR : 0.6538461538461539
Class 0 | Demographic 0 | FNR : 0.20833333333333334
Class 0 | Demographic 1 | TPR : 0.6808510638297872
Class 0 | Demographic 1 | FPR : 0.14516129032258066
Class 0 | Demographic 1 | TNR : 0.8548387096774194
Class 0 | Demographic 1 | FNR : 0.3191489361702128
model_demographic_parity_difference_c0 : 0.31787751053806096
human_demographic_parity_difference_c0 : 0.19476816265807084
system_demographic_parity_c0 : 0.2589883461443094
model_equalized_odds_difference_c0 : 0.3126550868486352
human_equalized_odds_difference_c0 : 0.12406947890818856
system_equalized_odds_difference_c0 : 0.2009925558312655
Class 1 | Demographic 0 | TPR : 0.6538461538461539
Class 1 | Demographic 0 | FPR : 0.20833333333333334
Class 1 | Demographic 0 | TNR : 0.7916666666666666
Class 1 | Demographic 0 | FNR : 0.34615384615384615
Class 1 | Demographic 1 | TPR : 0.8548387096774194
Class 1 | Demographic 1 | FPR : 0.3191489361702128
Class 1 | Demographic 1 | TNR : 0.6808510638297872
Class 1 | Demographic 1 | FNR : 0.14516129032258066
model_demographic_parity_difference_c1 : 0.317877510538061
human_demographic_parity_difference_c1 : 0.1947681626580709
system_demographic_parity_c1 : 0.2589883461443095
model_equalized_odds_difference_c1 : 0.3126550868486352
human_equalized_odds_difference_c1 : 0.12406947890818865
system_equalized_odds_difference_c1 : 0.20099255583126552
deferral rate : 1.0
model accuracy : 0.6612021857923497
human accuracy : 0.825136612021858
combined accuracy : 0.7650273224043715


Fairness Metrics for fair combination: 
Class 0 | Demographic 0 | TPR : 0.7916666666666666
Class 0 | Demographic 0 | FPR : 0.2692307692307692
Class 0 | Demographic 0 | TNR : 0.7307692307692307
Class 0 | Demographic 0 | FNR : 0.20833333333333334
Class 0 | Demographic 1 | TPR : 0.723404255319149
Class 0 | Demographic 1 | FPR : 0.16129032258064516
Class 0 | Demographic 1 | TNR : 0.8387096774193549
Class 0 | Demographic 1 | FNR : 0.2765957446808511
model_demographic_parity_difference_c0 : 0.34490453756508804
human_demographic_parity_difference_c0 : 0.19476816265807084
system_demographic_parity_c0 : 0.2044383833374659
model_equalized_odds_difference_c0 : 0.3511166253101736
human_equalized_odds_difference_c0 : 0.12406947890818856
system_equalized_odds_difference_c0 : 0.10794044665012406
Class 1 | Demographic 0 | TPR : 0.7307692307692307
Class 1 | Demographic 0 | FPR : 0.20833333333333334
Class 1 | Demographic 0 | TNR : 0.7916666666666666
Class 1 | Demographic 0 | FNR : 0.2692307692307692
Class 1 | Demographic 1 | TPR : 0.8387096774193549
Class 1 | Demographic 1 | FPR : 0.2765957446808511
Class 1 | Demographic 1 | TNR : 0.723404255319149
Class 1 | Demographic 1 | FNR : 0.16129032258064516
model_demographic_parity_difference_c1 : 0.34490453756508804
human_demographic_parity_difference_c1 : 0.1947681626580709
system_demographic_parity_c1 : 0.2044383833374659
model_equalized_odds_difference_c1 : 0.3511166253101737
human_equalized_odds_difference_c1 : 0.12406947890818865
system_equalized_odds_difference_c1 : 0.10794044665012414
deferral rate : 0.8469945355191257
model accuracy : 0.6612021857923497
human accuracy : 0.825136612021858
combined accuracy : 0.7814207650273224


--Stats of cost optimized unsupervised P+L combiation

--- Summary Stats ---
Class 0 | Demographic 0 | TPR: 0.8929236647189891
Class 0 | Demographic 0 | FPR: 0.3471529971898134
Class 0 | Demographic 0 | TNR: 0.6528470028101865
Class 0 | Demographic 0 | FNR: 0.10707633528101097
Class 0 | Demographic 1 | TPR: 0.7005103373761188
Class 0 | Demographic 1 | FPR: 0.14372994840253556
Class 0 | Demographic 1 | TNR: 0.8562700515974644
Class 0 | Demographic 1 | FNR: 0.2994896626238813
model_demographic_parity_difference_c0: 0.37589926823897796
human_demographic_parity_difference_c0: 0.12338972052483173
system_demographic_parity_c0: 0.2962892057768215
model_equalized_odds_difference_c0: 0.3853741721838475
human_equalized_odds_difference_c0: 0.10469055350918359
system_equalized_odds_difference_c0: 0.2525051721036328
Class 1 | Demographic 0 | TPR: 0.6499898599530436
Class 1 | Demographic 0 | FPR: 0.10707633528101097
Class 1 | Demographic 0 | TNR: 0.8929236647189891
Class 1 | Demographic 0 | FNR: 0.3500101400469563
Class 1 | Demographic 1 | TPR: 0.8562700515974644
Class 1 | Demographic 1 | FPR: 0.2994896626238813
Class 1 | Demographic 1 | TNR: 0.7005103373761188
Class 1 | Demographic 1 | FNR: 0.14372994840253556
model_demographic_parity_difference_c1: 0.37589926823897796
human_demographic_parity_difference_c1: 0.12338972052483169
system_demographic_parity_c1: 0.2975550285616317
model_equalized_odds_difference_c1: 0.3853741721838475
human_equalized_odds_difference_c1: 0.10469055350918359
system_equalized_odds_difference_c1: 0.2525051721036328
deferral rate: 0.9125683060109289
model accuracy: 0.6519125683060109
human accuracy: 0.8120218579234972
combined accuracy: 0.7928961748633878


--Stats of all combiation

--- Summary Stats ---
Class 0 | Demographic 0 | TPR: 0.8951563294550736
Class 0 | Demographic 0 | FPR: 0.3514177492420831
Class 0 | Demographic 0 | TNR: 0.648582250757917
Class 0 | Demographic 0 | FNR: 0.10484367054492624
Class 0 | Demographic 1 | TPR: 0.7037540016862075
Class 0 | Demographic 1 | FPR: 0.1512505239242068
Class 0 | Demographic 1 | TNR: 0.8487494760757931
Class 0 | Demographic 1 | FNR: 0.2962459983137925
model_demographic_parity_difference_c0: 0.3729822287298953
human_demographic_parity_difference_c0: 0.12338972052483173
system_demographic_parity_c0: 0.2934101465416882
model_equalized_odds_difference_c0: 0.37245945212814613
human_equalized_odds_difference_c0: 0.10469055350918359
system_equalized_odds_difference_c0: 0.233477944357259
Class 1 | Demographic 0 | TPR: 0.648582250757917
Class 1 | Demographic 0 | FPR: 0.10484367054492624
Class 1 | Demographic 0 | TNR: 0.8951563294550736
Class 1 | Demographic 0 | FNR: 0.3514177492420831
Class 1 | Demographic 1 | TPR: 0.8487494760757931
Class 1 | Demographic 1 | FPR: 0.2962459983137925
Class 1 | Demographic 1 | TNR: 0.7037540016862075
Class 1 | Demographic 1 | FNR: 0.1512505239242068
model_demographic_parity_difference_c1: 0.3729822287298953
human_demographic_parity_difference_c1: 0.12338972052483169
system_demographic_parity_c1: 0.2934101465416882
model_equalized_odds_difference_c1: 0.3724594521281461
human_equalized_odds_difference_c1: 0.10469055350918359
system_equalized_odds_difference_c1: 0.23347794435725905
deferral rate: 1.0
model accuracy: 0.6524590163934426
human accuracy: 0.8120218579234972
combined accuracy: 0.7907103825136612


--Stats of fair combination

--- Summary Stats ---
Class 0 | Demographic 0 | TPR: 0.8201622280209702
Class 0 | Demographic 0 | FPR: 0.24475547616764307
Class 0 | Demographic 0 | TNR: 0.755244523832357
Class 0 | Demographic 0 | FNR: 0.17983777197902973
Class 0 | Demographic 1 | TPR: 0.7502276928331926
Class 0 | Demographic 1 | FPR: 0.21171257680915442
Class 0 | Demographic 1 | TNR: 0.7882874231908455
Class 0 | Demographic 1 | FNR: 0.24977230716680748
model_demographic_parity_difference_c0: 0.3952904270719527
human_demographic_parity_difference_c0: 0.12338972052483173
system_demographic_parity_c0: 0.15552101054985587
model_equalized_odds_difference_c0: 0.3898227421960718
human_equalized_odds_difference_c0: 0.10469055350918359
system_equalized_odds_difference_c0: 0.13705595915478894
Class 1 | Demographic 0 | TPR: 0.755244523832357
Class 1 | Demographic 0 | FPR: 0.17983777197902973
Class 1 | Demographic 0 | TNR: 0.8201622280209702
Class 1 | Demographic 0 | FNR: 0.24475547616764307
Class 1 | Demographic 1 | TPR: 0.7882874231908455
Class 1 | Demographic 1 | FPR: 0.24977230716680748
Class 1 | Demographic 1 | TNR: 0.7502276928331926
Class 1 | Demographic 1 | FNR: 0.21171257680915442
model_demographic_parity_difference_c1: 0.3952904270719527
human_demographic_parity_difference_c1: 0.12338972052483169
system_demographic_parity_c1: 0.15552101054985593
model_equalized_odds_difference_c1: 0.3898227421960718
human_equalized_odds_difference_c1: 0.10469055350918359
system_equalized_odds_difference_c1: 0.13705595915478894
deferral rate: 0.8360655737704918
model accuracy: 0.6497267759562841
human accuracy: 0.8120218579234972
combined accuracy: 0.7825136612021858
