Class mapping: {'High': np.int64(0), 'Low': np.int64(1), 'Mid': np.int64(2)}
income_class
Low     23661
Mid     17528
High     8342
Name: count, dtype: int64

===== Logistic Regression =====
Accuracy: 0.7129302513374381
              precision    recall  f1-score   support

           0     0.7193    0.5408    0.6174      1668
           1     0.7931    0.8270    0.8097      4733
           2     0.6044    0.6409    0.6221      3506

    accuracy                         0.7129      9907
   macro avg     0.7056    0.6695    0.6831      9907
weighted avg     0.7139    0.7129    0.7109      9907


===== Random Forest =====
Accuracy: 0.696477238316342
              precision    recall  f1-score   support

           0     0.6626    0.5887    0.6235      1668
           1     0.7759    0.8107    0.7929      4733
           2     0.5980    0.5936    0.5958      3506

    accuracy                         0.6965      9907
   macro avg     0.6788    0.6643    0.6707      9907
weighted avg     0.6939    0.6965    0.6946      9907


===== Gradient Boosting =====
Accuracy: 0.7404865246795196
              precision    recall  f1-score   support

           0     0.7652    0.6019    0.6738      1668
           1     0.8129    0.8299    0.8213      4733
           2     0.6389    0.6857    0.6614      3506

    accuracy                         0.7405      9907
   macro avg     0.7390    0.7058    0.7189      9907
weighted avg     0.7433    0.7405    0.7399      9907


===== SVM (RBF Kernel) =====
Accuracy: 0.5398203290602605
              precision    recall  f1-score   support

           0     0.6365    0.3453    0.4477      1668
           1     0.5251    0.9622    0.6794      4733
           2     0.6626    0.0622    0.1137      3506

    accuracy                         0.5398      9907
   macro avg     0.6081    0.4566    0.4136      9907
weighted avg     0.5925    0.5398    0.4402      9907


=== Model Comparison ===
                 Model  Accuracy
2    Gradient Boosting  0.740487
0  Logistic Regression  0.712930
1        Random Forest  0.696477
3     SVM (RBF Kernel)  0.539820

Total features: 99

Feature names:
hours-per-week
age
capital-gain
capital-loss
education-num
workclass_Federal-gov
workclass_Local-gov
workclass_Never-worked
workclass_Private
workclass_Self-emp-inc
workclass_Self-emp-not-inc
workclass_State-gov
workclass_Without-pay
education_11th
education_12th
education_1st-4th
education_5th-6th
education_7th-8th
education_9th
education_Assoc-acdm
education_Assoc-voc
education_Bachelors
education_Doctorate
education_HS-grad
education_Masters
education_Preschool
education_Prof-school
education_Some-college
marital-status_Married-AF-spouse
marital-status_Married-civ-spouse
marital-status_Married-spouse-absent
marital-status_Never-married
marital-status_Separated
marital-status_Widowed
relationship_Not-in-family
relationship_Other-relative
relationship_Own-child
relationship_Unmarried
relationship_Wife
race_Asian-Pac-Islander
race_Black
race_Other
race_White
gender_Male
native-country_Cambodia
native-country_Canada
native-country_China
native-country_Columbia
native-country_Cuba
native-country_Dominican-Republic
native-country_Ecuador
native-country_El-Salvador
native-country_England
native-country_France
native-country_Germany
native-country_Greece
native-country_Guatemala
native-country_Haiti
native-country_Holand-Netherlands
native-country_Honduras
native-country_Hong
native-country_Hungary
native-country_India
native-country_Iran
native-country_Ireland
native-country_Italy
native-country_Jamaica
native-country_Japan
native-country_Laos
native-country_Mexico
native-country_Nicaragua
native-country_Outlying-US(Guam-USVI-etc)
native-country_Peru
native-country_Philippines
native-country_Poland
native-country_Portugal
native-country_Puerto-Rico
native-country_Scotland
native-country_South
native-country_Taiwan
native-country_Thailand
native-country_Trinadad&Tobago
native-country_United-States
native-country_Vietnam
native-country_Yugoslavia
occupation_Adm-clerical
occupation_Armed-Forces
occupation_Craft-repair
occupation_Exec-managerial
occupation_Farming-fishing
occupation_Handlers-cleaners
occupation_Machine-op-inspct
occupation_Other-service
occupation_Priv-house-serv
occupation_Prof-specialty
occupation_Protective-serv
occupation_Sales
occupation_Tech-support
occupation_Transport-moving
